\BOOKMARK [1][-]{section.1}{Introduction}{}% 1
\BOOKMARK [1][-]{section.2}{Scientific Notation}{}% 2
\BOOKMARK [2][-]{subsection.2.1}{Adding/Subtracting}{section.2}% 3
\BOOKMARK [2][-]{subsection.2.2}{Multiplying}{section.2}% 4
\BOOKMARK [2][-]{subsection.2.3}{Division}{section.2}% 5
\BOOKMARK [1][-]{section.3}{Measurements and Significant digits}{}% 6
\BOOKMARK [2][-]{subsection.3.1}{Accurate and Precise}{section.3}% 7
\BOOKMARK [2][-]{subsection.3.2}{Percentage Error}{section.3}% 8
\BOOKMARK [2][-]{subsection.3.3}{Measurement}{section.3}% 9
\BOOKMARK [2][-]{subsection.3.4}{Reporting Measurements}{section.3}% 10
\BOOKMARK [2][-]{subsection.3.5}{Counting Significant Figures}{section.3}% 11
\BOOKMARK [2][-]{subsection.3.6}{Rounding}{section.3}% 12
\BOOKMARK [2][-]{subsection.3.7}{Adding/Subtracting}{section.3}% 13
\BOOKMARK [2][-]{subsection.3.8}{Multiplying/Dividing}{section.3}% 14
\BOOKMARK [1][-]{section.4}{Lab Safety}{}% 15
\BOOKMARK [1][-]{section.5}{Atom and Periodic Table}{}% 16
\BOOKMARK [2][-]{subsection.5.1}{Atomic Math}{section.5}% 17
\BOOKMARK [2][-]{subsection.5.2}{Representing Elements}{section.5}% 18
\BOOKMARK [2][-]{subsection.5.3}{Isotopes}{section.5}% 19
\BOOKMARK [2][-]{subsection.5.4}{Bhor-Rutherford Diagram}{section.5}% 20
\BOOKMARK [2][-]{subsection.5.5}{Lewis Diagram}{section.5}% 21
\BOOKMARK [1][-]{section.6}{Isotopes}{}% 22
\BOOKMARK [2][-]{subsection.6.1}{Average Atomic Mass}{section.6}% 23
\BOOKMARK [2][-]{subsection.6.2}{Radioisotopes}{section.6}% 24
\BOOKMARK [2][-]{subsection.6.3}{Calculating Average Atomic Mass}{section.6}% 25
\BOOKMARK [1][-]{section.7}{The Modern Periodic Table}{}% 26
\BOOKMARK [2][-]{subsection.7.1}{Effective Nuclear Charge}{section.7}% 27
\BOOKMARK [2][-]{subsection.7.2}{Atomic Radius of Ions}{section.7}% 28
\BOOKMARK [2][-]{subsection.7.3}{Ionization Energy}{section.7}% 29
\BOOKMARK [2][-]{subsection.7.4}{Successive Ionization Energy}{section.7}% 30
\BOOKMARK [2][-]{subsection.7.5}{Electron Affinity}{section.7}% 31
\BOOKMARK [2][-]{subsection.7.6}{Electronegativity}{section.7}% 32
\BOOKMARK [2][-]{subsection.7.7}{Reactivity}{section.7}% 33
\BOOKMARK [2][-]{subsection.7.8}{Summary}{section.7}% 34
\BOOKMARK [1][-]{section.8}{Chemical Bonding}{}% 35
\BOOKMARK [2][-]{subsection.8.1}{Ionic Bonding}{section.8}% 36
\BOOKMARK [2][-]{subsection.8.2}{Covalent Bonding}{section.8}% 37
\BOOKMARK [2][-]{subsection.8.3}{Drawing ionic compounds}{section.8}% 38
\BOOKMARK [2][-]{subsection.8.4}{Drawing Molecules}{section.8}% 39
\BOOKMARK [2][-]{subsection.8.5}{Drawing Polyatomic Ions}{section.8}% 40
\BOOKMARK [2][-]{subsection.8.6}{Types of Covalent Bonds}{section.8}% 41
\BOOKMARK [2][-]{subsection.8.7}{VSEPR Theory}{section.8}% 42
\BOOKMARK [2][-]{subsection.8.8}{Shapes of Molecules}{section.8}% 43
\BOOKMARK [2][-]{subsection.8.9}{Intermolecular Attraction}{section.8}% 44
\BOOKMARK [1][-]{section.9}{Intermolecular Forces}{}% 45
\BOOKMARK [2][-]{subsection.9.1}{Forces of attraction}{section.9}% 46
\BOOKMARK [2][-]{subsection.9.2}{Types of Intermolecular forces}{section.9}% 47
\BOOKMARK [2][-]{subsection.9.3}{London Dispersion Forces}{section.9}% 48
\BOOKMARK [2][-]{subsection.9.4}{Dipole-Dipole Forces}{section.9}% 49
\BOOKMARK [2][-]{subsection.9.5}{Hydrogen Bond Forces}{section.9}% 50
\BOOKMARK [1][-]{section.10}{Chemical Equations}{}% 51
\BOOKMARK [2][-]{subsection.10.1}{Word Equations}{section.10}% 52
\BOOKMARK [2][-]{subsection.10.2}{Skeleton Equations}{section.10}% 53
\BOOKMARK [2][-]{subsection.10.3}{Law of Conservation of Mass}{section.10}% 54
